#
# There is insufficient memory for the Java Runtime Environment to continue.
# Native memory allocation (malloc) failed to allocate 1003856 bytes for Chunk::new
# Possible reasons:
#   The system is out of physical RAM or swap space
#   In 32 bit mode, the process size limit was hit
# Possible solutions:
#   Reduce memory load on the system
#   Increase physical memory or swap space
#   Check if swap backing store is full
#   Use 64 bit Java on a 64 bit OS
#   Decrease Java heap size (-Xmx/-Xms)
#   Decrease number of Java threads
#   Decrease Java thread stack sizes (-Xss)
#   Set larger code cache with -XX:ReservedCodeCacheSize=
# This output file may be truncated or incomplete.
#
#  Out of Memory Error (allocation.cpp:390), pid=23076, tid=0x000000000000593c
#
# JRE version: OpenJDK Runtime Environment (8.0_152-b01) (build 1.8.0_152-release-915-b01)
# Java VM: OpenJDK 64-Bit Server VM (25.152-b01 mixed mode windows-amd64 compressed oops)
# Failed to write core dump. Minidumps are not enabled by default on client versions of Windows
#

---------------  T H R E A D  ---------------

Current thread (0x0000000057d50800):  JavaThread "C2 CompilerThread1" daemon [_thread_in_native, id=22844, stack(0x0000000058270000,0x0000000058370000)]

Stack: [0x0000000058270000,0x0000000058370000]
[error occurred during error reporting (printing stack bounds), id 0xc0000005]

Native frames: (J=compiled Java code, j=interpreted, Vv=VM code, C=native code)


Current CompileTask:
C2:  17940 5204       4       org.jetbrains.kotlin.load.kotlin.TypeSignatureMappingKt::mapType (750 bytes)


---------------  P R O C E S S  ---------------

Java Threads: ( => current thread )
  0x0000000058ab2000 JavaThread "RMI RenewClean-[localhost:53290,org.jetbrains.kotlin.daemon.common.LoopbackNetworkInterface$ClientLoopbackSocketFactory@7df8810b]" daemon [_thread_blocked, id=22272, stack(0x0000000059eb0000,0x0000000059fb0000)]
  0x0000000058a83800 JavaThread "RMI TCP Connection(2)-127.0.0.1" daemon [_thread_in_vm, id=23772, stack(0x0000000059d80000,0x0000000059e80000)]
  0x0000000058a60000 JavaThread "RMI Scheduler(0)" daemon [_thread_blocked, id=22048, stack(0x0000000059a90000,0x0000000059b90000)]
  0x0000000058a99800 JavaThread "RMI TCP Connection(1)-127.0.0.1" daemon [_thread_in_native, id=24060, stack(0x00000000598c0000,0x00000000599c0000)]
  0x0000000002378000 JavaThread "DestroyJavaVM" [_thread_blocked, id=24024, stack(0x0000000002490000,0x0000000002590000)]
  0x0000000058a4e000 JavaThread "GC Daemon" daemon [_thread_blocked, id=23876, stack(0x0000000058690000,0x0000000058790000)]
  0x0000000058a37800 JavaThread "RMI Reaper" [_thread_blocked, id=24044, stack(0x0000000059570000,0x0000000059670000)]
  0x0000000058a23000 JavaThread "Timer-0" daemon [_thread_blocked, id=24164, stack(0x0000000058160000,0x0000000058260000)]
  0x0000000058a14000 JavaThread "RMI TCP Accept-17179" daemon [_thread_in_native, id=24220, stack(0x0000000059270000,0x0000000059370000)]
  0x0000000057dba000 JavaThread "Service Thread" daemon [_thread_blocked, id=23636, stack(0x0000000058380000,0x0000000058480000)]
  0x0000000057d51000 JavaThread "C1 CompilerThread2" daemon [_thread_blocked, id=23112, stack(0x0000000057af0000,0x0000000057bf0000)]
=>0x0000000057d50800 JavaThread "C2 CompilerThread1" daemon [_thread_in_native, id=22844, stack(0x0000000058270000,0x0000000058370000)]
  0x00000000563d7000 JavaThread "C2 CompilerThread0" daemon [_thread_blocked, id=23964, stack(0x0000000057c50000,0x0000000057d50000)]
  0x00000000563d3800 JavaThread "Attach Listener" daemon [_thread_blocked, id=21732, stack(0x00000000579d0000,0x0000000057ad0000)]
  0x00000000563d2000 JavaThread "Signal Dispatcher" daemon [_thread_blocked, id=21668, stack(0x0000000057860000,0x0000000057960000)]
  0x00000000563b9000 JavaThread "Finalizer" daemon [_thread_blocked, id=4816, stack(0x00000000575c0000,0x00000000576c0000)]
  0x0000000056372000 JavaThread "Reference Handler" daemon [_thread_blocked, id=23800, stack(0x00000000576c0000,0x00000000577c0000)]

Other Threads:
  0x000000005636a000 VMThread [stack: 0x00000000574a0000,0x00000000575a0000] [id=24316]
  0x0000000057dcc000 WatcherThread [stack: 0x0000000058530000,0x0000000058630000] [id=23992]

VM state:not at safepoint (normal execution)

VM Mutex/Monitor currently owned by a thread: None

Heap:
 PSYoungGen      total 122368K, used 42940K [0x00000000e0000000, 0x00000000e8900000, 0x0000000100000000)
  eden space 104448K, 41% used [0x00000000e0000000,0x00000000e29ef228,0x00000000e6600000)
  from space 17920K, 0% used [0x00000000e6600000,0x00000000e6600000,0x00000000e7780000)
  to   space 16384K, 0% used [0x00000000e7900000,0x00000000e7900000,0x00000000e8900000)
 ParOldGen       total 104960K, used 35303K [0x00000000a0000000, 0x00000000a6680000, 0x00000000e0000000)
  object space 104960K, 33% used [0x00000000a0000000,0x00000000a2279fd0,0x00000000a6680000)
 Metaspace       used 47706K, capacity 48490K, committed 48768K, reserved 1091584K
  class space    used 6039K, capacity 6231K, committed 6272K, reserved 1048576K

Card table byte_map: [0x0000000011c20000,0x0000000011f30000] byte_map_base: 0x0000000011720000

Marking Bits: (ParMarkBitMap*) 0x0000000066ea3950
 Begin Bits: [0x00000000126e0000, 0x0000000013ee0000)
 End Bits:   [0x0000000013ee0000, 0x00000000156e0000)

Polling page: 0x0000000000230000

CodeCache: size=245760Kb used=16700Kb max_used=16700Kb free=229059Kb
 bounds [0x0000000002860000, 0x00000000038c0000, 0x0000000011860000]
 total_blobs=5541 nmethods=5040 adapters=413
 compilation: enabled

Compilation events (10 events):
Event: 17.884 Thread 0x0000000057d51000 5375       3       org.jetbrains.kotlin.com.intellij.util.io.IntToIntBtree::access$1408 (12 bytes)
Event: 17.884 Thread 0x0000000057d51000 nmethod 5375 0x00000000038b40d0 code [0x00000000038b4220, 0x00000000038b4370]
Event: 17.884 Thread 0x0000000057d51000 5376       3       org.jetbrains.kotlin.com.intellij.util.io.IntToIntBtree::access$1502 (7 bytes)
Event: 17.884 Thread 0x0000000057d51000 nmethod 5376 0x00000000038b4410 code [0x00000000038b4560, 0x00000000038b4690]
Event: 17.884 Thread 0x0000000057d51000 5377       3       org.jetbrains.kotlin.com.intellij.util.io.IntToIntBtree::access$1602 (7 bytes)
Event: 17.884 Thread 0x0000000057d51000 nmethod 5377 0x00000000038b4750 code [0x00000000038b48a0, 0x00000000038b49d0]
Event: 17.887 Thread 0x0000000057d51000 5381       3       sun.misc.Unsafe::getAndAddLong (27 bytes)
Event: 17.887 Thread 0x0000000057d51000 nmethod 5381 0x00000000038b4a90 code [0x00000000038b4c00, 0x00000000038b4e10]
Event: 17.887 Thread 0x0000000057d51000 5382       3       sun.nio.fs.WindowsFileSystemProvider::getFileAttributeView (118 bytes)
Event: 17.888 Thread 0x0000000057d51000 nmethod 5382 0x00000000038b4f10 code [0x00000000038b51c0, 0x00000000038b6138]

GC Heap History (10 events):
Event: 16.231 GC heap before
{Heap before GC invocations=20 (full 7):
 PSYoungGen      total 113664K, used 11103K [0x00000000e0000000, 0x00000000e8b00000, 0x0000000100000000)
  eden space 95232K, 0% used [0x00000000e0000000,0x00000000e0000000,0x00000000e5d00000)
  from space 18432K, 60% used [0x00000000e5d00000,0x00000000e67d7f00,0x00000000e6f00000)
  to   space 18432K, 0% used [0x00000000e7900000,0x00000000e7900000,0x00000000e8b00000)
 ParOldGen       total 104960K, used 85427K [0x00000000a0000000, 0x00000000a6680000, 0x00000000e0000000)
  object space 104960K, 81% used [0x00000000a0000000,0x00000000a536cf10,0x00000000a6680000)
 Metaspace       used 42196K, capacity 42808K, committed 43264K, reserved 1087488K
  class space    used 5433K, capacity 5612K, committed 5632K, reserved 1048576K
Event: 16.335 GC heap after
Heap after GC invocations=20 (full 7):
 PSYoungGen      total 113664K, used 0K [0x00000000e0000000, 0x00000000e8b00000, 0x0000000100000000)
  eden space 95232K, 0% used [0x00000000e0000000,0x00000000e0000000,0x00000000e5d00000)
  from space 18432K, 0% used [0x00000000e5d00000,0x00000000e5d00000,0x00000000e6f00000)
  to   space 18432K, 0% used [0x00000000e7900000,0x00000000e7900000,0x00000000e8b00000)
 ParOldGen       total 104960K, used 45113K [0x00000000a0000000, 0x00000000a6680000, 0x00000000e0000000)
  object space 104960K, 42% used [0x00000000a0000000,0x00000000a2c0e428,0x00000000a6680000)
 Metaspace       used 42196K, capacity 42808K, committed 43264K, reserved 1087488K
  class space    used 5433K, capacity 5612K, committed 5632K, reserved 1048576K
}
Event: 16.369 GC heap before
{Heap before GC invocations=21 (full 7):
 PSYoungGen      total 113664K, used 57189K [0x00000000e0000000, 0x00000000e8b00000, 0x0000000100000000)
  eden space 95232K, 60% used [0x00000000e0000000,0x00000000e37d9580,0x00000000e5d00000)
  from space 18432K, 0% used [0x00000000e5d00000,0x00000000e5d00000,0x00000000e6f00000)
  to   space 18432K, 0% used [0x00000000e7900000,0x00000000e7900000,0x00000000e8b00000)
 ParOldGen       total 104960K, used 45113K [0x00000000a0000000, 0x00000000a6680000, 0x00000000e0000000)
  object space 104960K, 42% used [0x00000000a0000000,0x00000000a2c0e428,0x00000000a6680000)
 Metaspace       used 42434K, capacity 43108K, committed 43648K, reserved 1087488K
  class space    used 5469K, capacity 5646K, committed 5760K, reserved 1048576K
Event: 16.380 GC heap after
Heap after GC invocations=21 (full 7):
 PSYoungGen      total 120832K, used 10637K [0x00000000e0000000, 0x00000000e8900000, 0x0000000100000000)
  eden space 104448K, 0% used [0x00000000e0000000,0x00000000e0000000,0x00000000e6600000)
  from space 16384K, 64% used [0x00000000e7900000,0x00000000e83637b0,0x00000000e8900000)
  to   space 17920K, 0% used [0x00000000e6600000,0x00000000e6600000,0x00000000e7780000)
 ParOldGen       total 104960K, used 86148K [0x00000000a0000000, 0x00000000a6680000, 0x00000000e0000000)
  object space 104960K, 82% used [0x00000000a0000000,0x00000000a5421290,0x00000000a6680000)
 Metaspace       used 42434K, capacity 43108K, committed 43648K, reserved 1087488K
  class space    used 5469K, capacity 5646K, committed 5760K, reserved 1048576K
}
Event: 16.380 GC heap before
{Heap before GC invocations=22 (full 8):
 PSYoungGen      total 120832K, used 10637K [0x00000000e0000000, 0x00000000e8900000, 0x0000000100000000)
  eden space 104448K, 0% used [0x00000000e0000000,0x00000000e0000000,0x00000000e6600000)
  from space 16384K, 64% used [0x00000000e7900000,0x00000000e83637b0,0x00000000e8900000)
  to   space 17920K, 0% used [0x00000000e6600000,0x00000000e6600000,0x00000000e7780000)
 ParOldGen       total 104960K, used 86148K [0x00000000a0000000, 0x00000000a6680000, 0x00000000e0000000)
  object space 104960K, 82% used [0x00000000a0000000,0x00000000a5421290,0x00000000a6680000)
 Metaspace       used 42434K, capacity 43108K, committed 43648K, reserved 1087488K
  class space    used 5469K, capacity 5646K, committed 5760K, reserved 1048576K
Event: 16.454 GC heap after
Heap after GC invocations=22 (full 8):
 PSYoungGen      total 120832K, used 0K [0x00000000e0000000, 0x00000000e8900000, 0x0000000100000000)
  eden space 104448K, 0% used [0x00000000e0000000,0x00000000e0000000,0x00000000e6600000)
  from space 16384K, 0% used [0x00000000e7900000,0x00000000e7900000,0x00000000e8900000)
  to   space 17920K, 0% used [0x00000000e6600000,0x00000000e6600000,0x00000000e7780000)
 ParOldGen       total 104960K, used 44832K [0x00000000a0000000, 0x00000000a6680000, 0x00000000e0000000)
  object space 104960K, 42% used [0x00000000a0000000,0x00000000a2bc8368,0x00000000a6680000)
 Metaspace       used 42434K, capacity 43108K, committed 43648K, reserved 1087488K
  class space    used 5469K, capacity 5646K, committed 5760K, reserved 1048576K
}
Event: 16.740 GC heap before
{Heap before GC invocations=23 (full 8):
 PSYoungGen      total 120832K, used 104448K [0x00000000e0000000, 0x00000000e8900000, 0x0000000100000000)
  eden space 104448K, 100% used [0x00000000e0000000,0x00000000e6600000,0x00000000e6600000)
  from space 16384K, 0% used [0x00000000e7900000,0x00000000e7900000,0x00000000e8900000)
  to   space 17920K, 0% used [0x00000000e6600000,0x00000000e6600000,0x00000000e7780000)
 ParOldGen       total 104960K, used 44832K [0x00000000a0000000, 0x00000000a6680000, 0x00000000e0000000)
  object space 104960K, 42% used [0x00000000a0000000,0x00000000a2bc8368,0x00000000a6680000)
 Metaspace       used 42803K, capacity 43468K, committed 43904K, reserved 1087488K
  class space    used 5516K, capacity 5680K, committed 5760K, reserved 1048576K
Event: 16.754 GC heap after
Heap after GC invocations=23 (full 8):
 PSYoungGen      total 122368K, used 1053K [0x00000000e0000000, 0x00000000e8900000, 0x0000000100000000)
  eden space 104448K, 0% used [0x00000000e0000000,0x00000000e0000000,0x00000000e6600000)
  from space 17920K, 5% used [0x00000000e6600000,0x00000000e6707518,0x00000000e7780000)
  to   space 16384K, 0% used [0x00000000e7900000,0x00000000e7900000,0x00000000e8900000)
 ParOldGen       total 104960K, used 85868K [0x00000000a0000000, 0x00000000a6680000, 0x00000000e0000000)
  object space 104960K, 81% used [0x00000000a0000000,0x00000000a53db1d0,0x00000000a6680000)
 Metaspace       used 42803K, capacity 43468K, committed 43904K, reserved 1087488K
  class space    used 5516K, capacity 5680K, committed 5760K, reserved 1048576K
}
Event: 16.754 GC heap before
{Heap before GC invocations=24 (full 9):
 PSYoungGen      total 122368K, used 1053K [0x00000000e0000000, 0x00000000e8900000, 0x0000000100000000)
  eden space 104448K, 0% used [0x00000000e0000000,0x00000000e0000000,0x00000000e6600000)
  from space 17920K, 5% used [0x00000000e6600000,0x00000000e6707518,0x00000000e7780000)
  to   space 16384K, 0% used [0x00000000e7900000,0x00000000e7900000,0x00000000e8900000)
 ParOldGen       total 104960K, used 85868K [0x00000000a0000000, 0x00000000a6680000, 0x00000000e0000000)
  object space 104960K, 81% used [0x00000000a0000000,0x00000000a53db1d0,0x00000000a6680000)
 Metaspace       used 42803K, capacity 43468K, committed 43904K, reserved 1087488K
  class space    used 5516K, capacity 5680K, committed 5760K, reserved 1048576K
Event: 16.872 GC heap after
Heap after GC invocations=24 (full 9):
 PSYoungGen      total 122368K, used 0K [0x00000000e0000000, 0x00000000e8900000, 0x0000000100000000)
  eden space 104448K, 0% used [0x00000000e0000000,0x00000000e0000000,0x00000000e6600000)
  from space 17920K, 0% used [0x00000000e6600000,0x00000000e6600000,0x00000000e7780000)
  to   space 16384K, 0% used [0x00000000e7900000,0x00000000e7900000,0x00000000e8900000)
 ParOldGen       total 104960K, used 35303K [0x00000000a0000000, 0x00000000a6680000, 0x00000000e0000000)
  object space 104960K, 33% used [0x00000000a0000000,0x00000000a2279fd0,0x00000000a6680000)
 Metaspace       used 42803K, capacity 43468K, committed 43904K, reserved 1087488K
  class space    used 5516K, capacity 5680K, committed 5760K, reserved 1048576K
}

Deoptimization events (10 events):
Event: 17.726 Thread 0x0000000058a83800 Uncommon trap: reason=class_check action=maybe_recompile pc=0x0000000002d23c48 method=kotlin.collections.CollectionsKt___CollectionsKt.toSet(Ljava/lang/Iterable;)Ljava/util/Set; @ 62
Event: 17.791 Thread 0x0000000058a83800 Uncommon trap: reason=speculate_class_check action=maybe_recompile pc=0x0000000003504df8 method=org.jetbrains.kotlin.gnu.trove.THash.postInsertHook(Z)V @ 60
Event: 17.791 Thread 0x0000000058a83800 Uncommon trap: reason=speculate_class_check action=maybe_recompile pc=0x0000000003504df8 method=org.jetbrains.kotlin.gnu.trove.THash.postInsertHook(Z)V @ 60
Event: 17.792 Thread 0x0000000058a83800 Uncommon trap: reason=speculate_class_check action=maybe_recompile pc=0x0000000003504df8 method=org.jetbrains.kotlin.gnu.trove.THash.postInsertHook(Z)V @ 60
Event: 17.822 Thread 0x0000000058a83800 Uncommon trap: reason=speculate_class_check action=maybe_recompile pc=0x0000000003504df8 method=org.jetbrains.kotlin.gnu.trove.THash.postInsertHook(Z)V @ 60
Event: 17.824 Thread 0x0000000058a83800 Uncommon trap: reason=class_check action=maybe_recompile pc=0x00000000030dc260 method=org.jetbrains.kotlin.gnu.trove.THashIterator.nextIndex()I @ 8
Event: 17.824 Thread 0x0000000058a83800 Uncommon trap: reason=class_check action=maybe_recompile pc=0x00000000030f262c method=org.jetbrains.kotlin.gnu.trove.THashIterator.nextIndex()I @ 8
Event: 17.850 Thread 0x0000000058a83800 Uncommon trap: reason=unstable_if action=reinterpret pc=0x00000000030ea798 method=org.jetbrains.kotlin.gnu.trove.THash.postInsertHook(Z)V @ 49
Event: 17.857 Thread 0x0000000058a83800 Uncommon trap: reason=unstable_if action=reinterpret pc=0x00000000034fa204 method=org.jetbrains.kotlin.gnu.trove.TObjectHash.insertionIndex(Ljava/lang/Object;)I @ 65
Event: 17.859 Thread 0x0000000058a83800 Uncommon trap: reason=class_check action=maybe_recompile pc=0x00000000030dc260 method=org.jetbrains.kotlin.gnu.trove.THashIterator.nextIndex()I @ 8

Classes redefined (0 events):
No events

Internal exceptions (10 events):
Event: 17.818 Thread 0x0000000058a83800 Exception <a 'sun/nio/fs/WindowsException'> (0x00000000e28308e0) thrown at [D:\src\AOSP-openjdk-cygwin\jdk8u\hotspot\src\share\vm\prims\jni.cpp, line 709]
Event: 17.818 Thread 0x0000000058a83800 Exception <a 'java/lang/reflect/InvocationTargetException'> (0x00000000e2831108) thrown at [D:\src\AOSP-openjdk-cygwin\jdk8u\hotspot\src\share\vm\runtime\reflection.cpp, line 1092]
Event: 17.826 Thread 0x0000000058a83800 Exception <a 'sun/nio/fs/WindowsException'> (0x00000000e2846150) thrown at [D:\src\AOSP-openjdk-cygwin\jdk8u\hotspot\src\share\vm\prims\jni.cpp, line 709]
Event: 17.826 Thread 0x0000000058a83800 Exception <a 'java/lang/reflect/InvocationTargetException'> (0x00000000e2846d48) thrown at [D:\src\AOSP-openjdk-cygwin\jdk8u\hotspot\src\share\vm\runtime\reflection.cpp, line 1092]
Event: 17.854 Thread 0x0000000058a83800 Exception <a 'sun/nio/fs/WindowsException'> (0x00000000e2859578) thrown at [D:\src\AOSP-openjdk-cygwin\jdk8u\hotspot\src\share\vm\prims\jni.cpp, line 709]
Event: 17.854 Thread 0x0000000058a83800 Exception <a 'java/lang/reflect/InvocationTargetException'> (0x00000000e285a170) thrown at [D:\src\AOSP-openjdk-cygwin\jdk8u\hotspot\src\share\vm\runtime\reflection.cpp, line 1092]
Event: 17.863 Thread 0x0000000058a83800 Exception <a 'sun/nio/fs/WindowsException'> (0x00000000e2875088) thrown at [D:\src\AOSP-openjdk-cygwin\jdk8u\hotspot\src\share\vm\prims\jni.cpp, line 709]
Event: 17.864 Thread 0x0000000058a83800 Exception <a 'java/lang/reflect/InvocationTargetException'> (0x00000000e2875c80) thrown at [D:\src\AOSP-openjdk-cygwin\jdk8u\hotspot\src\share\vm\runtime\reflection.cpp, line 1092]
Event: 17.887 Thread 0x0000000058a83800 Exception <a 'sun/nio/fs/WindowsException'> (0x00000000e28c61b8) thrown at [D:\src\AOSP-openjdk-cygwin\jdk8u\hotspot\src\share\vm\prims\jni.cpp, line 709]
Event: 17.887 Thread 0x0000000058a83800 Exception <a 'java/lang/reflect/InvocationTargetException'> (0x00000000e28c6db0) thrown at [D:\src\AOSP-openjdk-cygwin\jdk8u\hotspot\src\share\vm\runtime\reflection.cpp, line 1092]

Events (10 events):
Event: 17.860 Executing VM operation: Deoptimize
Event: 17.860 Executing VM operation: Deoptimize done
Event: 17.883 loading class org/jetbrains/kotlin/incremental/ChangesCollector
Event: 17.883 loading class org/jetbrains/kotlin/incremental/ChangesCollector done
Event: 17.884 loading class org/jetbrains/kotlin/incremental/ChangesCollector$collectAllFromClass$collectMember$1
Event: 17.884 loading class org/jetbrains/kotlin/incremental/ChangesCollector$collectAllFromClass$collectMember$1 done
Event: 17.884 loading class org/jetbrains/kotlin/incremental/ChangesCollector$collectAllFromClass$collectMember$2
Event: 17.884 loading class org/jetbrains/kotlin/incremental/ChangesCollector$collectAllFromClass$collectMember$2 done
Event: 17.885 loading class org/jetbrains/kotlin/incremental/storage/LazyStorage$append$1
Event: 17.885 loading class org/jetbrains/kotlin/incremental/storage/LazyStorage$append$1 done


Dynamic libraries:
0x000000013fde0000 - 0x000000013fe11000 	C:\Program Files\Android\Android Studio\jre\jre\bin\java.exe
0x0000000077950000 - 0x0000000077af9000 	C:\Windows\SYSTEM32\ntdll.dll
0x0000000077730000 - 0x000000007784f000 	C:\Windows\system32\kernel32.dll
0x000007fefda10000 - 0x000007fefda7c000 	C:\Windows\system32\KERNELBASE.dll
0x000007fefdfb0000 - 0x000007fefe08b000 	C:\Windows\system32\ADVAPI32.dll
0x000007fefee80000 - 0x000007fefef1f000 	C:\Windows\system32\msvcrt.dll
0x000007feff150000 - 0x000007feff16f000 	C:\Windows\SYSTEM32\sechost.dll
0x000007fefdac0000 - 0x000007fefdbed000 	C:\Windows\system32\RPCRT4.dll
0x0000000077850000 - 0x000000007794a000 	C:\Windows\system32\USER32.dll
0x000007feff0e0000 - 0x000007feff147000 	C:\Windows\system32\GDI32.dll
0x000007fefdbf0000 - 0x000007fefdbfe000 	C:\Windows\system32\LPK.dll
0x000007fefdec0000 - 0x000007fefdf89000 	C:\Windows\system32\USP10.dll
0x000007fefc220000 - 0x000007fefc414000 	C:\Windows\WinSxS\amd64_microsoft.windows.common-controls_6595b64144ccf1df_6.0.7601.18837_none_fa3b1e3d17594757\COMCTL32.dll
0x000007feff1c0000 - 0x000007feff231000 	C:\Windows\system32\SHLWAPI.dll
0x000007fefde90000 - 0x000007fefdebe000 	C:\Windows\system32\IMM32.DLL
0x000007fefef20000 - 0x000007feff029000 	C:\Windows\system32\MSCTF.dll
0x00000000655c0000 - 0x0000000065692000 	C:\Program Files\Android\Android Studio\jre\jre\bin\msvcr100.dll
0x00000000666e0000 - 0x0000000066f1e000 	C:\Program Files\Android\Android Studio\jre\jre\bin\server\jvm.dll
0x000007fef8400000 - 0x000007fef8409000 	C:\Windows\system32\WSOCK32.dll
0x000007feff170000 - 0x000007feff1bd000 	C:\Windows\system32\WS2_32.dll
0x000007feff0d0000 - 0x000007feff0d8000 	C:\Windows\system32\NSI.dll
0x000007fefb7b0000 - 0x000007fefb7eb000 	C:\Windows\system32\WINMM.dll
0x000007fefc710000 - 0x000007fefc71c000 	C:\Windows\system32\VERSION.dll
0x0000000077b10000 - 0x0000000077b17000 	C:\Windows\system32\PSAPI.DLL
0x000007fefc1f0000 - 0x000007fefc1ff000 	C:\Program Files\Android\Android Studio\jre\jre\bin\verify.dll
0x000007fef60c0000 - 0x000007fef60e9000 	C:\Program Files\Android\Android Studio\jre\jre\bin\java.dll
0x000007fef60a0000 - 0x000007fef60b6000 	C:\Program Files\Android\Android Studio\jre\jre\bin\zip.dll
0x000007fefe090000 - 0x000007fefee19000 	C:\Windows\system32\SHELL32.dll
0x000007fefdc00000 - 0x000007fefde03000 	C:\Windows\system32\ole32.dll
0x000007fefd700000 - 0x000007fefd70f000 	C:\Windows\system32\profapi.dll
0x000007fefc200000 - 0x000007fefc20d000 	C:\Program Files\Android\Android Studio\jre\jre\bin\management.dll
0x000007fef6080000 - 0x000007fef609a000 	C:\Program Files\Android\Android Studio\jre\jre\bin\net.dll
0x000007fefcea0000 - 0x000007fefcef5000 	C:\Windows\system32\mswsock.dll
0x000007fefce90000 - 0x000007fefce97000 	C:\Windows\System32\wship6.dll
0x000007fef6060000 - 0x000007fef6071000 	C:\Program Files\Android\Android Studio\jre\jre\bin\nio.dll
0x000007fefcf00000 - 0x000007fefcf18000 	C:\Windows\system32\CRYPTSP.dll
0x000007fefcc60000 - 0x000007fefcca7000 	C:\Windows\system32\rsaenh.dll
0x000007fefdaa0000 - 0x000007fefdabe000 	C:\Windows\system32\USERENV.dll
0x000007fefd560000 - 0x000007fefd56f000 	C:\Windows\system32\CRYPTBASE.dll
0x000007fefaf40000 - 0x000007fefaf67000 	C:\Windows\system32\IPHLPAPI.DLL
0x000007fefb150000 - 0x000007fefb15b000 	C:\Windows\system32\WINNSI.DLL
0x000007fefac30000 - 0x000007fefac41000 	C:\Windows\system32\dhcpcsvc6.DLL
0x000007fefabf0000 - 0x000007fefac08000 	C:\Windows\system32\dhcpcsvc.DLL

VM Arguments:
jvm_args: -Djava.awt.headless=true -Djava.rmi.server.hostname=localhost -Xmx1536m -Dkotlin.environment.keepalive 
java_command: org.jetbrains.kotlin.daemon.KotlinCompileDaemon --daemon-runFilesPath C:\Users\MotyhA\AppData\Local\kotlin\daemon --daemon-autoshutdownIdleSeconds=7200 --daemon-compilerClasspath C:\Users\MotyhA\.gradle\caches\modules-2\files-2.1\org.jetbrains.kotlin\kotlin-compiler-embeddable\1.1.61\f05214e6f333cc24296556caf06654ff3de893df\kotlin-compiler-embeddable-1.1.61.jar;C:\Users\MotyhA\.gradle\caches\modules-2\files-2.1\org.jetbrains.kotlin\kotlin-stdlib\1.1.61\fa7813a26c548c9c412dd2d42fb466cfcd8dcf3c\kotlin-stdlib-1.1.61.jar;C:\Users\MotyhA\.gradle\caches\modules-2\files-2.1\org.jetbrains.kotlin\kotlin-script-runtime\1.1.61\5a38798ca75b46c367d1e39dc3f7a639771d644\kotlin-script-runtime-1.1.61.jar;C:\Users\MotyhA\.gradle\caches\modules-2\files-2.1\org.jetbrains.kotlin\kotlin-reflect\1.1.61\bb6da1a122c3fba2f7ee5c71946441e4f756fad4\kotlin-reflect-1.1.61.jar;C:\Program Files\Android\Android Studio\jre\lib\tools.jar
java_class_path (initial): C:\Users\MotyhA\.gradle\caches\modules-2\files-2.1\org.jetbrains.kotlin\kotlin-compiler-embeddable\1.1.61\f05214e6f333cc24296556caf06654ff3de893df\kotlin-compiler-embeddable-1.1.61.jar;C:\Users\MotyhA\.gradle\caches\modules-2\files-2.1\org.jetbrains.kotlin\kotlin-stdlib\1.1.61\fa7813a26c548c9c412dd2d42fb466cfcd8dcf3c\kotlin-stdlib-1.1.61.jar;C:\Users\MotyhA\.gradle\caches\modules-2\files-2.1\org.jetbrains.kotlin\kotlin-script-runtime\1.1.61\5a38798ca75b46c367d1e39dc3f7a639771d644\kotlin-script-runtime-1.1.61.jar;C:\Users\MotyhA\.gradle\caches\modules-2\files-2.1\org.jetbrains.kotlin\kotlin-reflect\1.1.61\bb6da1a122c3fba2f7ee5c71946441e4f756fad4\kotlin-reflect-1.1.61.jar;C:\Program Files\Android\Android Studio\jre\lib\tools.jar
Launcher Type: SUN_STANDARD

Environment Variables:
PATH=C:\ProgramData\Oracle\Java\javapath;C:\Program Files (x86)\NVIDIA Corporation\PhysX\Common;C:\Program Files\Common Files\Microsoft Shared\Windows Live;C:\Program Files (x86)\Common Files\Microsoft Shared\Windows Live;C:\Windows\system32;C:\Windows;C:\Windows\System32\Wbem;C:\Windows\System32\WindowsPowerShell\v1.0\;C:\Program Files (x86)\Windows Live\Shared;C:\Program Files\Microsoft SQL Server\110\Tools\Binn\;C:\Program Files\Microsoft\Web Platform Installer\;C:\Program Files (x86)\Microsoft ASP.NET\ASP.NET Web Pages\v1.0\;C:\Windows\system32\config\systemprofile\.dnx\bin;C:\Program Files\Microsoft DNX\Dnvm\;D:\runtime\win64;D:\bin;C:\Program Files (x86)\Windows Kits\8.1\Windows Performance Toolkit\;C:\Program Files\Microsoft SQL Server\120\Tools\Binn\;C:\Program Files (x86)\Microsoft SQL Server\90\Tools\binn\;C:\Program Files (x86)\Skype\Phone\;C:\Program Files\Git\cmd;C:\Users\MotyhA\AppData\Local\Programs\Python\Python35\Scripts\;C:\Users\MotyhA\AppData\Local\Programs\Python\Python35\;C:\Program Files (x86)\Nmap;C:\SQLite3;C:\Program Files\Java\jdk-9\bin
USERNAME=MotyhA
OS=Windows_NT
PROCESSOR_IDENTIFIER=Intel64 Family 6 Model 42 Stepping 7, GenuineIntel



---------------  S Y S T E M  ---------------

OS: Windows 7 , 64 bit Build 7601 (6.1.7601.18939)

CPU:total 4 (initial active 4) (2 cores per cpu, 2 threads per core) family 6 model 42 stepping 7, cmov, cx8, fxsr, mmx, sse, sse2, sse3, ssse3, sse4.1, sse4.2, popcnt, avx, aes, clmul, ht, tsc, tscinvbit

Memory: 4k page, physical 6199356k(637428k free), swap 8261900k(4540k free)

vm_info: OpenJDK 64-Bit Server VM (25.152-b01) for windows-amd64 JRE (1.8.0_152-release-915-b01), built by "builder" with MS VC++ 10.0 (VS2010)

time: Sun Dec 03 18:00:29 2017
elapsed time: 17 seconds (0d 0h 0m 17s)

